0 info it worked if it ends with ok
1 verbose cli [ 'C:\\Program Files\\nodejs\\node.exe',
1 verbose cli   'C:\\Program Files\\nodejs\\node_modules\\npm\\bin\\npm-cli.js',
1 verbose cli   'run',
1 verbose cli   'build' ]
2 info using npm@2.14.7
3 info using node@v4.2.1
4 verbose run-script [ 'prebuild', 'build', 'postbuild' ]
5 info prebuild webpack-react@1.0.0
6 info build webpack-react@1.0.0
7 verbose unsafe-perm in lifecycle true
8 info webpack-react@1.0.0 Failed to exec build script
9 verbose stack Error: webpack-react@1.0.0 build: `webpack --config build/webpack.config.client.js`
9 verbose stack Exit status 1
9 verbose stack     at EventEmitter.<anonymous> (C:\Users\Administrator.000\AppData\Roaming\nvm\v4.2.1\node_modules\npm\lib\utils\lifecycle.js:214:16)
9 verbose stack     at emitTwo (events.js:87:13)
9 verbose stack     at EventEmitter.emit (events.js:172:7)
9 verbose stack     at ChildProcess.<anonymous> (C:\Users\Administrator.000\AppData\Roaming\nvm\v4.2.1\node_modules\npm\lib\utils\spawn.js:24:14)
9 verbose stack     at emitTwo (events.js:87:13)
9 verbose stack     at ChildProcess.emit (events.js:172:7)
9 verbose stack     at maybeClose (internal/child_process.js:818:16)
9 verbose stack     at Process.ChildProcess._handle.onexit (internal/child_process.js:211:5)
10 verbose pkgid webpack-react@1.0.0
11 verbose cwd C:\xxd\project\webpack-react
12 error Windows_NT 10.0.18362
13 error argv "C:\\Program Files\\nodejs\\node.exe" "C:\\Program Files\\nodejs\\node_modules\\npm\\bin\\npm-cli.js" "run" "build"
14 error node v4.2.1
15 error npm  v2.14.7
16 error code ELIFECYCLE
17 error webpack-react@1.0.0 build: `webpack --config build/webpack.config.client.js`
17 error Exit status 1
18 error Failed at the webpack-react@1.0.0 build script 'webpack --config build/webpack.config.client.js'.
18 error This is most likely a problem with the webpack-react package,
18 error not with npm itself.
18 error Tell the author that this fails on your system:
18 error     webpack --config build/webpack.config.client.js
18 error You can get their info via:
18 error     npm owner ls webpack-react
18 error There is likely additional logging output above.
19 verbose exit [ 1, true ]
